Log file created on Tue Mar 12 19:02:30 MDT 2019
IMPORTANT:
Because updating this file after every log message would kill
performance, it will be *incomplete* unless you invoke the
Utilities->Troubleshooting->Update Activity Log on Disk command!
7:02:30 PM [main] [message] Log: When reporting bugs, please include the following information:
7:02:30 PM [main] [message] Log: java.version=1.8.0_191
7:02:30 PM [main] [message] Log: java.vm.version=25.191-b12
7:02:30 PM [main] [message] Log: java.vm.name=OpenJDK 64-Bit Server VM
7:02:30 PM [main] [message] Log: java.runtime.version=1.8.0_191-8u191-b12-2ubuntu0.18.04.1-b12
7:02:30 PM [main] [message] Log: java.runtime.name=OpenJDK Runtime Environment
7:02:30 PM [main] [message] Log: java.vendor=Oracle Corporation
7:02:30 PM [main] [message] Log: java.compiler=null
7:02:30 PM [main] [message] Log: os.name=Linux
7:02:30 PM [main] [message] Log: os.version=4.15.0-45-generic
7:02:30 PM [main] [message] Log: os.arch=amd64
7:02:30 PM [main] [message] Log: user.home=/home/pkt
7:02:30 PM [main] [message] Log: java.home=/usr/lib/jvm/java-8-openjdk-amd64/jre
7:02:30 PM [main] [message] Log: java.class.path=/home/pkt/private/cs515-s19-BugHunters-jedit-5-5-0/jedit-5-5-0/build/jedit.jar
7:02:30 PM [main] [message] jEdit: starting with command line arguments: -settings=/home/pkt/private/cs515-s19-BugHunters-jedit-5-5-0/jedit-5-5-0/build/settings
7:02:30 PM [main] [debug] jEdit: before splash screen activation:111 ms
7:02:30 PM [main] [debug] jEdit: after splash screen activation:212 ms
7:02:30 PM [main] [debug] MiscUtilities: Saving backup of file "/home/pkt/private/cs515-s19-BugHunters-jedit-5-5-0/jedit-5-5-0/build/settings/activity.log" to "/home/pkt/private/cs515-s19-BugHunters-jedit-5-5-0/jedit-5-5-0/build/settings/settings-backup/activity.log~1~"
7:02:30 PM [main] [notice] jEdit: jEdit version 5.5.0
7:02:30 PM [main] [message] jEdit: Settings directory is /home/pkt/private/cs515-s19-BugHunters-jedit-5-5-0/jedit-5-5-0/build/settings
7:02:30 PM [main] [message] jEdit: jEdit home directory is /home/pkt/private/cs515-s19-BugHunters-jedit-5-5-0/jedit-5-5-0/build
7:02:30 PM [main] [debug] SplashScreen: init:20/114ms
7:02:30 PM [main] [debug] SplashScreen: init system properties:20/134ms
7:02:30 PM [main] [message] BeanShell: Beanshell Init
7:02:30 PM [main] [debug] SplashScreen: init beanshell:36/170ms
7:02:30 PM [main] [debug] SplashScreen: loading site properties:2/172ms
7:02:30 PM [main] [debug] SplashScreen: loading user properties:2/174ms
7:02:30 PM [main] [debug] GUIUtilities: Icon theme set to: tango
7:02:30 PM [main] [debug] GUIUtilities: Loading icon theme from: jeditresource:/org/gjt/sp/jedit/icons/themes/tango/
7:02:30 PM [main] [debug] SplashScreen: init GUI:2/176ms
7:02:30 PM [main] [debug] EditServer: jEdit server started on port 45805
7:02:30 PM [main] [debug] EditServer: Authorization key is 929168316
7:02:30 PM [main] [debug] SplashScreen: init server:3/179ms
7:02:30 PM [main] [debug] jEdit: initPLAF non-edt old=javax.swing.plaf.metal.MetalLookAndFeel requested=null new=javax.swing.plaf.metal.MetalLookAndFeel
7:02:30 PM [main] [debug] SplashScreen: init look and feel:2/181ms
7:02:30 PM [main] [debug] SplashScreen: init VFS Manager:1/182ms
7:02:30 PM [main] [debug] ActionSet: Loading actions from jar:file:/home/pkt/private/cs515-s19-BugHunters-jedit-5-5-0/jedit-5-5-0/build/jedit.jar!/org/gjt/sp/jedit/actions.xml
7:02:30 PM [main] [debug] DockableWindowManager: Loading dockables from jar:file:/home/pkt/private/cs515-s19-BugHunters-jedit-5-5-0/jedit-5-5-0/build/jedit.jar!/org/gjt/sp/jedit/dockables.xml
7:02:30 PM [main] [debug] SplashScreen: init resources:66/248ms
7:02:30 PM [AWT-EventQueue-1] [debug] EditBus: SearchSettingsChanged[source=null]
7:02:30 PM [main] [debug] SplashScreen: Migrate keymaps:26/274ms
7:02:30 PM [main] [notice] jEdit: Loading plugins from /home/pkt/private/cs515-s19-BugHunters-jedit-5-5-0/jedit-5-5-0/build/jars
7:02:30 PM [AWT-EventQueue-1] [debug] EditBus: PluginUpdate[what=LOADED,exit=false,version=5.0,source=/home/pkt/private/cs515-s19-BugHunters-jedit-5-5-0/jedit-5-5-0/build/jars/QuickNotepad.jar,class=QuickNotepadPlugin]
7:02:30 PM [main] [notice] jEdit: Loading plugins from /home/pkt/private/cs515-s19-BugHunters-jedit-5-5-0/jedit-5-5-0/build/settings/jars
7:02:30 PM [main] [debug] SplashScreen: init plugins:10/284ms
7:02:30 PM [main] [message] HistoryModel: Loading history
7:02:30 PM [main] [debug] SplashScreen: init history model:3/287ms
7:02:30 PM [main] [message] BufferHistory: Loading /home/pkt/private/cs515-s19-BugHunters-jedit-5-5-0/jedit-5-5-0/build/settings/recent.xml
7:02:30 PM [main] [debug] SplashScreen: init buffer history:6/293ms
7:02:30 PM [main] [message] KillRing: Loading /home/pkt/private/cs515-s19-BugHunters-jedit-5-5-0/jedit-5-5-0/build/settings/killring.xml
7:02:30 PM [main] [debug] SplashScreen: init killring:6/299ms
7:02:30 PM [main] [debug] jEdit: initPLAF non-edt old=javax.swing.plaf.metal.MetalLookAndFeel requested=null new=javax.swing.plaf.metal.MetalLookAndFeel
7:02:30 PM [main] [debug] jEdit: SOCKS proxy disabled
7:02:30 PM [main] [debug] jEdit: HTTP proxy disabled
7:02:30 PM [AWT-EventQueue-1] [debug] EditBus: PropertiesChanged[source=null]
7:02:30 PM [main] [debug] SplashScreen: init various properties:14/313ms
7:02:30 PM [main] [message] jEdit: Loading mode catalog file /home/pkt/private/cs515-s19-BugHunters-jedit-5-5-0/jedit-5-5-0/build/modes/catalog
7:02:30 PM [main] [message] jEdit: Loading mode catalog file /home/pkt/private/cs515-s19-BugHunters-jedit-5-5-0/jedit-5-5-0/build/settings/modes/catalog
7:02:30 PM [main] [debug] SplashScreen: init modes:46/359ms
7:02:30 PM [main] [debug] SplashScreen: activate plugins:4/363ms
7:02:30 PM [main] [debug] Macros: Registered beanshell macro handler
7:02:30 PM [AWT-EventQueue-1] [debug] EditBus: DynamicMenuChanged[menu=macros,source=null]
7:02:30 PM [main] [debug] SplashScreen: init macros:7/370ms
7:02:30 PM [main] [message] BeanShell: Running script /home/pkt/private/cs515-s19-BugHunters-jedit-5-5-0/jedit-5-5-0/build/startup/startup.bsh
7:02:30 PM [main] [notice] jEdit$5: Loading edit mode /home/pkt/private/cs515-s19-BugHunters-jedit-5-5-0/jedit-5-5-0/build/modes/text.xml
7:02:31 PM [main] [debug] String: BeanShell interpreter version 2.0b4-jedit
7:02:31 PM [main] [debug] SplashScreen: run startup scripts:83/453ms
7:02:31 PM [main] [debug] SplashScreen: run startup scripts:0/453ms
7:02:31 PM [main] [debug] SplashScreen: run startup scripts:1/454ms
7:02:31 PM [main] [debug] jEdit: main done:582 ms
7:02:31 PM [AWT-EventQueue-1] [message] PerspectiveManager: Loading /home/pkt/private/cs515-s19-BugHunters-jedit-5-5-0/jedit-5-5-0/build/settings/perspective.xml
7:02:31 PM [AWT-EventQueue-1] [debug] EditBus: BufferUpdate[what=PROPERTIES_CHANGED,view=null,source=Untitled-1 (~/Documents/EclipseWorkspace/)]
7:02:31 PM [AWT-EventQueue-1] [debug] EditBus: BufferUpdate[what=CREATED,view=null,source=Untitled-1 (~/Documents/EclipseWorkspace/)]
7:02:31 PM [AWT-EventQueue-1] [debug] EditBus: BufferUpdate[what=LOAD_STARTED,view=null,source=Untitled-1 (~/Documents/EclipseWorkspace/)]
7:02:31 PM [AWT-EventQueue-1] [debug] EditBus: BufferUpdate[what=LOADED,view=null,source=Untitled-1 (~/Documents/EclipseWorkspace/)]
7:02:31 PM [AWT-EventQueue-1] [debug] BufferSet: 1915998824: addBufferSetListener org.gjt.sp.jedit.EditPane[inactive]
7:02:31 PM [AWT-EventQueue-1] [debug] EditBus: BufferChanging[what=BUFFER_CHANGING,source=org.gjt.sp.jedit.EditPane[inactive]]
7:02:31 PM [AWT-EventQueue-1] [debug] BufferSet: 1915998824 addBufferAt(Untitled-1 (~/Documents/EclipseWorkspace/),-1)
7:02:31 PM [AWT-EventQueue-1] [debug] BufferSet: 1915998824: Buffer added Untitled-1 (~/Documents/EclipseWorkspace/) at 0
7:02:31 PM [AWT-EventQueue-1] [debug] EditBus: EditPaneUpdate[what=CREATED,source=org.gjt.sp.jedit.EditPane[inactive]]
7:02:31 PM [AWT-EventQueue-1] [debug] BufferSet: 1915998824 addBufferAt(Untitled-1 (~/Documents/EclipseWorkspace/),0)
7:02:31 PM [AWT-EventQueue-1] [debug] BufferSet: 1434586364: addBufferSetListener org.gjt.sp.jedit.EditPane[inactive]
7:02:31 PM [AWT-EventQueue-1] [debug] EditBus: BufferChanging[what=BUFFER_CHANGING,source=org.gjt.sp.jedit.EditPane[inactive]]
7:02:31 PM [AWT-EventQueue-1] [debug] BufferSet: 1434586364 addBufferAt(Untitled-1 (~/Documents/EclipseWorkspace/),-1)
7:02:31 PM [AWT-EventQueue-1] [debug] BufferSet: 1434586364: Buffer added Untitled-1 (~/Documents/EclipseWorkspace/) at 0
7:02:31 PM [AWT-EventQueue-1] [debug] EditBus: EditPaneUpdate[what=CREATED,source=org.gjt.sp.jedit.EditPane[inactive]]
7:02:31 PM [AWT-EventQueue-1] [debug] BufferSet: 1434586364 addBufferAt(Untitled-1 (~/Documents/EclipseWorkspace/),0)
7:02:31 PM [AWT-EventQueue-1] [debug] BufferSet: 1657828515: addBufferSetListener org.gjt.sp.jedit.EditPane[inactive]
7:02:31 PM [AWT-EventQueue-1] [debug] EditBus: BufferChanging[what=BUFFER_CHANGING,source=org.gjt.sp.jedit.EditPane[inactive]]
7:02:31 PM [AWT-EventQueue-1] [debug] BufferSet: 1657828515 addBufferAt(Untitled-1 (~/Documents/EclipseWorkspace/),-1)
7:02:31 PM [AWT-EventQueue-1] [debug] BufferSet: 1657828515: Buffer added Untitled-1 (~/Documents/EclipseWorkspace/) at 0
7:02:31 PM [AWT-EventQueue-1] [debug] EditBus: EditPaneUpdate[what=CREATED,source=org.gjt.sp.jedit.EditPane[inactive]]
7:02:31 PM [AWT-EventQueue-1] [debug] BufferSet: 1657828515 addBufferAt(Untitled-1 (~/Documents/EclipseWorkspace/),0)
7:02:31 PM [AWT-EventQueue-1] [debug] EditBus: ViewUpdate[what=CREATED,source=org.gjt.sp.jedit.View[active]]
7:02:31 PM [AWT-EventQueue-1] [debug] EditBus: EditorStarted[source=null]
7:02:31 PM [AWT-EventQueue-1] [message] jEdit: Startup complete: 949 ms
7:02:31 PM [AWT-EventQueue-1] [debug] EditBus: ViewUpdate[what=VIEW_ACTIVATED,source=org.gjt.sp.jedit.View[active]]
7:02:31 PM [AWT-EventQueue-1] [debug] jEdit: checkBufferStatus for all buffers
7:02:31 PM [AWT-EventQueue-1] [debug] JEditTextArea: InputMethodSupport is activated
7:03:00 PM [AWT-EventQueue-1] [debug] MiscUtilities: Saving backup of file "/home/pkt/private/cs515-s19-BugHunters-jedit-5-5-0/jedit-5-5-0/build/settings/perspective.xml" to "/home/pkt/private/cs515-s19-BugHunters-jedit-5-5-0/jedit-5-5-0/build/settings/settings-backup/perspective.xml~1~"
7:03:04 PM [AWT-EventQueue-1] [debug] EditBus: PositionChanging[what=POSITION_CHANGING,source=org.gjt.sp.jedit.EditPane[active]]
